[2026-02-08 18:27:15] winotify notification failed.
[2026-02-08 18:27:15] win10toast notification failed.
[2026-02-08 18:27:27] winotify notification failed.
[2026-02-08 18:27:27] win10toast notification failed.
[2026-02-08 18:27:50] winotify notification failed.
[2026-02-08 18:27:50] win10toast notification failed.
[2026-02-08 18:28:33] winotify notification failed.
[2026-02-08 18:28:33] win10toast notification failed.
[2026-02-08 18:28:39] winotify notification failed.
[2026-02-08 18:28:39] win10toast notification failed.
[2026-02-08 18:28:47] winotify notification failed.
[2026-02-08 18:28:47] win10toast notification failed.
[2026-02-08 18:28:55] winotify notification failed.
[2026-02-08 18:28:55] win10toast notification failed.
[2026-02-08 18:29:04] winotify notification failed.
[2026-02-08 18:29:04] win10toast notification failed.
[2026-02-08 18:29:23] winotify notification failed.
[2026-02-08 18:29:23] win10toast notification failed.
[2026-02-08 18:30:51] winotify notification failed.
[2026-02-08 18:30:51] win10toast notification failed.
[2026-02-08 18:31:29] winotify notification failed.
[2026-02-08 18:31:29] win10toast notification failed.
[2026-02-08 18:31:33] winotify notification failed.
[2026-02-08 18:31:33] win10toast notification failed.
[2026-02-08 18:43:55] winotify notification failed.
[2026-02-08 18:43:55] win10toast notification failed.
[2026-02-08 18:44:03] winotify notification failed.
[2026-02-08 18:44:03] win10toast notification failed.
[2026-02-08 18:44:25] winotify notification failed.
[2026-02-08 18:44:25] win10toast notification failed.
[2026-02-08 18:44:44] winotify notification failed.
[2026-02-08 18:44:44] win10toast notification failed.
[2026-02-08 18:45:09] winotify notification failed.
[2026-02-08 18:45:09] win10toast notification failed.
[2026-02-08 18:50:59] CUBEPET_DOODLE_TEST=1: scheduling doodle soon.
[2026-02-08 18:52:04] winotify notification failed.
[2026-02-08 18:52:04] win10toast notification failed.
[2026-02-08 18:52:53] winotify notification failed.
[2026-02-08 18:52:53] win10toast notification failed.
[2026-02-08 18:53:47] winotify notification failed.
[2026-02-08 18:53:47] win10toast notification failed.
[2026-02-08 18:53:51] winotify notification failed.
[2026-02-08 18:53:51] win10toast notification failed.
[2026-02-08 19:01:14] CUBEPET_IMAGE_TEST=1: scheduling image-heist soon.
[2026-02-08 19:01:14] Image scan done: 350 files.
[2026-02-08 19:01:45] Loaded image cache: 350 files.
[2026-02-08 19:01:45] CUBEPET_IMAGE_TEST=1: scheduling image-heist soon.
[2026-02-08 19:01:45] Image scan done: 350 files.
[2026-02-08 19:01:49] Image heist: started (exit stage).
[2026-02-08 19:06:54] Loaded image cache: 350 files.
[2026-02-08 19:06:54] winotify notification failed.
[2026-02-08 19:06:54] win10toast notification failed.
[2026-02-08 19:06:54] Image scan done: 350 files.
[2026-02-08 19:07:54] Loaded image cache: 350 files.
[2026-02-08 19:07:54] winotify notification failed.
[2026-02-08 19:07:54] win10toast notification failed.
[2026-02-08 19:07:54] Image scan done: 350 files.
[2026-02-08 19:08:02] Pause toggled: True
[2026-02-08 19:08:04] Pause toggled: False
[2026-02-08 19:08:05] Pause toggled: True
[2026-02-08 19:08:05] Pause toggled: False
[2026-02-08 19:08:06] Pause toggled: True
[2026-02-08 19:08:07] Pause toggled: False
[2026-02-08 19:08:29] Image heist: started (exit stage).
[2026-02-08 19:08:29] winotify notification failed.
[2026-02-08 19:08:29] win10toast notification failed.
[2026-02-08 19:13:42] Loaded image cache: 350 files.
[2026-02-08 19:13:42] Image scan done: 350 files.
[2026-02-08 19:13:46] Image heist: started (exit stage).
[2026-02-08 19:26:40] Loaded image cache: 350 files.
[2026-02-08 19:26:40] winotify notification failed.
[2026-02-08 19:26:40] win10toast notification failed.
[2026-02-08 19:26:40] Image scan done: 350 files.
[2026-02-08 19:26:57] Image heist: started (exit stage).
[2026-02-08 19:26:57] winotify notification failed.
[2026-02-08 19:26:57] win10toast notification failed.
[2026-02-08 19:27:06] Image heist: started (exit stage).
[2026-02-08 19:27:06] winotify notification failed.
[2026-02-08 19:27:06] win10toast notification failed.
[2026-02-08 19:27:26] Image heist: started (exit stage).
[2026-02-08 19:27:26] winotify notification failed.
[2026-02-08 19:27:26] win10toast notification failed.
[2026-02-08 19:27:50] winotify notification failed.
[2026-02-08 19:27:50] win10toast notification failed.
[2026-02-08 19:28:07] Image heist: started (exit stage).
[2026-02-08 19:28:07] winotify notification failed.
[2026-02-08 19:28:07] win10toast notification failed.
[2026-02-08 19:28:09] winotify notification failed.
[2026-02-08 19:28:09] win10toast notification failed.
[2026-02-11 14:24:16] winotify notification failed.
[2026-02-11 14:24:16] win10toast notification failed.
[2026-02-11 14:24:16] Image scan done: 350 files.
[2026-02-11 20:13:14] winotify notification failed.
[2026-02-11 20:13:14] win10toast notification failed.
[2026-02-11 20:13:14] Image scan done: 117 files.
[2026-02-11 20:13:17] winotify notification failed.
[2026-02-11 20:13:17] win10toast notification failed.
[2026-02-11 20:15:53] Loaded image cache: 117 files.
[2026-02-11 20:15:53] winotify notification failed.
[2026-02-11 20:15:53] win10toast notification failed.
[2026-02-11 20:15:54] Image scan done: 117 files.
[2026-02-11 20:15:57] winotify notification failed.
[2026-02-11 20:15:57] win10toast notification failed.
[2026-02-11 20:24:16] Loaded image cache: 117 files.
[2026-02-11 20:24:16] winotify notification failed.
[2026-02-11 20:24:16] win10toast notification failed.
[2026-02-11 20:24:16] Image scan done: 119 files.
[2026-02-11 20:24:20] winotify notification failed.
[2026-02-11 20:24:20] win10toast notification failed.
[2026-02-13 09:36:07] Loaded image cache: 119 files.
[2026-02-13 09:36:07] winotify notification failed.
[2026-02-13 09:36:07] win10toast notification failed.
[2026-02-13 09:36:07] Image scan done: 126 files.
[2026-02-13 09:41:58] Loaded image cache: 126 files.
[2026-02-13 09:41:58] winotify notification failed.
[2026-02-13 09:41:58] win10toast notification failed.
[2026-02-13 09:41:58] Image scan done: 126 files.
[2026-02-13 09:42:11] winotify notification failed.
[2026-02-13 09:42:11] win10toast notification failed.
[2026-02-13 09:42:26] Loaded image cache: 126 files.
[2026-02-13 09:42:26] winotify notification failed.
[2026-02-13 09:42:26] win10toast notification failed.
[2026-02-13 09:42:26] Image scan done: 126 files.
[2026-02-13 09:45:29] [startup] Startup admin prompt: wants_admin=False, already_admin=True
[2026-02-13 09:45:30] Loaded image cache: 126 files.
[2026-02-13 09:45:30] winotify notification failed.
[2026-02-13 09:45:30] win10toast notification failed.
[2026-02-13 09:45:30] Image scan done: 126 files.
[2026-02-13 09:45:35] winotify notification failed.
[2026-02-13 09:45:35] win10toast notification failed.
[2026-02-13 11:07:25] winotify notification failed.
[2026-02-13 11:07:25] win10toast notification failed.
[2026-02-13 11:07:38] Loaded image cache: 126 files.
[2026-02-13 11:07:38] Image scan done: 46 files.
[2026-02-13 12:14:07] Loaded image cache: 46 files.
[2026-02-13 12:14:07] Image scan done: 46 files.
[2026-02-13 12:14:07] winotify notification failed.
[2026-02-13 12:14:07] win10toast notification failed.
[2026-02-13 12:15:12] Loaded image cache: 46 files.
[2026-02-13 12:15:12] Image scan done: 46 files.
[2026-02-13 12:15:12] winotify notification failed.
[2026-02-13 12:15:12] win10toast notification failed.
[2026-02-13 12:25:31] Loaded image cache: 46 files.
[2026-02-13 12:25:31] Image scan done: 46 files.
[2026-02-13 12:25:31] winotify notification failed.
[2026-02-13 12:25:31] win10toast notification failed.
[2026-02-13 12:26:37] winotify notification failed.
[2026-02-13 12:26:37] win10toast notification failed.
[2026-02-13 12:48:10] Loaded image cache: 46 files.
[2026-02-13 12:48:10] Image scan done: 46 files.
[2026-02-13 12:48:10] winotify notification failed.
[2026-02-13 12:48:10] win10toast notification failed.
[2026-02-13 12:49:15] winotify notification failed.
[2026-02-13 12:49:15] win10toast notification failed.
[2026-02-13 14:47:42] Loaded image cache: 46 files.
[2026-02-13 14:47:42] Image scan done: 46 files.
[2026-02-13 14:47:42] winotify notification failed.
[2026-02-13 14:47:42] win10toast notification failed.
[2026-02-13 14:47:58] winotify notification failed.
[2026-02-13 14:47:58] win10toast notification failed.
[2026-02-13 14:48:52] winotify notification failed.
[2026-02-13 14:48:52] win10toast notification failed.
[2026-02-13 14:49:06] winotify notification failed.
[2026-02-13 14:49:06] win10toast notification failed.
[2026-02-13 14:49:21] Image heist: started (exit stage).
[2026-02-13 14:49:21] winotify notification failed.
[2026-02-13 14:49:21] win10toast notification failed.
[2026-02-13 14:49:28] winotify notification failed.
[2026-02-13 14:49:28] win10toast notification failed.
[2026-02-13 14:49:34] winotify notification failed.
[2026-02-13 14:49:34] win10toast notification failed.
[2026-02-13 14:49:56] winotify notification failed.
[2026-02-13 14:49:56] win10toast notification failed.
[2026-02-13 14:50:08] winotify notification failed.
[2026-02-13 14:50:08] win10toast notification failed.
[2026-02-13 14:50:10] winotify notification failed.
[2026-02-13 14:50:10] win10toast notification failed.
[2026-02-13 14:50:17] winotify notification failed.
[2026-02-13 14:50:17] win10toast notification failed.
[2026-02-13 14:50:37] winotify notification failed.
[2026-02-13 14:50:37] win10toast notification failed.
